<?xml version="1.0" encoding="UTF-8"?>
<testng-results ignored="0" total="1" passed="1" failed="0" skipped="0">
  <reporter-output>
  </reporter-output>
  <suite started-at="2024-03-05T19:04:39 IST" name="Default suite" finished-at="2024-03-05T19:04:46 IST" duration-ms="6665">
    <groups>
    </groups>
    <test started-at="2024-03-05T19:04:39 IST" name="Default test" finished-at="2024-03-05T19:04:46 IST" duration-ms="6665">
      <class name="tests.ContactFormPageTest">
        <test-method is-config="true" signature="setup()[pri:0, instance:tests.ContactFormPageTest@59474f18]" started-at="2024-03-05T19:04:39 IST" name="setup" finished-at="2024-03-05T19:04:43 IST" duration-ms="4358" status="PASS">
          <reporter-output>
          </reporter-output>
        </test-method> <!-- setup -->
        <test-method signature="sendDataToContactForm()[pri:0, instance:tests.ContactFormPageTest@59474f18]" started-at="2024-03-05T19:04:43 IST" name="sendDataToContactForm" finished-at="2024-03-05T19:04:45 IST" duration-ms="1821" status="PASS">
          <reporter-output>
          </reporter-output>
        </test-method> <!-- sendDataToContactForm -->
        <test-method is-config="true" signature="teardown()[pri:0, instance:tests.ContactFormPageTest@59474f18]" started-at="2024-03-05T19:04:45 IST" name="teardown" finished-at="2024-03-05T19:04:46 IST" duration-ms="429" status="PASS">
          <reporter-output>
          </reporter-output>
        </test-method> <!-- teardown -->
      </class> <!-- tests.ContactFormPageTest -->
    </test> <!-- Default test -->
  </suite> <!-- Default suite -->
</testng-results>
