<?xml version="1.0" encoding="UTF-8"?>
<testng-results ignored="0" total="1" passed="1" failed="0" skipped="0">
  <reporter-output>
  </reporter-output>
  <suite started-at="2024-03-03T22:13:38 IST" name="Default suite" finished-at="2024-03-03T22:13:45 IST" duration-ms="6939">
    <groups>
    </groups>
    <test started-at="2024-03-03T22:13:38 IST" name="Default test" finished-at="2024-03-03T22:13:45 IST" duration-ms="6939">
      <class name="tests.HomePageTest">
        <test-method is-config="true" signature="setup()[pri:0, instance:tests.HomePageTest@76505305]" started-at="2024-03-03T22:13:38 IST" name="setup" finished-at="2024-03-03T22:13:45 IST" duration-ms="6541" status="PASS">
          <reporter-output>
          </reporter-output>
        </test-method> <!-- setup -->
        <test-method signature="clickOnHomePage()[pri:0, instance:tests.HomePageTest@76505305]" started-at="2024-03-03T22:13:45 IST" name="clickOnHomePage" finished-at="2024-03-03T22:13:45 IST" duration-ms="158" status="PASS">
          <reporter-output>
          </reporter-output>
        </test-method> <!-- clickOnHomePage -->
        <test-method is-config="true" signature="teardown()[pri:0, instance:tests.HomePageTest@76505305]" started-at="2024-03-03T22:13:45 IST" name="teardown" finished-at="2024-03-03T22:13:45 IST" duration-ms="174" status="PASS">
          <reporter-output>
          </reporter-output>
        </test-method> <!-- teardown -->
      </class> <!-- tests.HomePageTest -->
    </test> <!-- Default test -->
  </suite> <!-- Default suite -->
</testng-results>
